Arguments: 
  D:\Program Files\nodejs\node.exe C:\Users\ytp\AppData\Roaming\npm\node_modules\yarn\bin\yarn.js add -D babel-plugin-add-module-exports

PATH: 
  C:\Users\ytp\bin;D:\Program Files\Git\mingw64\bin;D:\Program Files\Git\usr\local\bin;D:\Program Files\Git\usr\bin;D:\Program Files\Git\usr\bin;D:\Program Files\Git\mingw64\bin;D:\Program Files\Git\usr\bin;C:\Users\ytp\bin;C:\Program Files (x86)\Common Files\Oracle\Java\javapath;C:\WINDOWS\system32;C:\WINDOWS;C:\WINDOWS\System32\Wbem;C:\WINDOWS\System32\WindowsPowerShell\v1.0;D:\Program Files\Java\jdk1.8.0_91\bin;%ANDROID_HOME%\tools;%ANDROID_HOME%\platform-tools;C:\Program Files\Microsoft SQL Server\110\Tools\Binn;%ANDROID_HOME%;%ANDROID_HOME%\platforms;C:\Users\ytp\AppData\Local\Microsoft\WindowsApps;D:\Program Files\Microsoft VS Code\bin;D:\Program Files\TortoiseGit\bin;C:\WINDOWS\system32;C:\WINDOWS;C:\WINDOWS\System32\Wbem;C:\WINDOWS\System32\WindowsPowerShell\v1.0;D:\Program Files\Mozilla Firefox;D:\Program Files\mysql-5.7.21-winx64\mysql-5.7.21-winx64\bin;D:\Program Files\MySQL\bin;C:\Program Files\MySQL\MySQL Utilities 1.6;C:\WINDOWS\System32\OpenSSH;D:\Program Files\nodejs;D:\Program Files\Git\cmd;C:\Program Files\MySQL\MySQL Shell 8.0\bin;D:\Program Files (x86)\Microsoft VS Code\bin;C:\Users\ytp\AppData\Roaming\npm;C:\MongoDB\Server\3.4\bin;%USERPROFILE%\AppData\Local\Microsoft\WindowsApps;D:\Program Files\Git\usr\bin\vendor_perl;D:\Program Files\Git\usr\bin\core_perl

Yarn version: 
  1.21.1

Node version: 
  10.15.0

Platform: 
  win32 x64

Trace: 
  Error: getaddrinfo ENOTFOUND registry.npm.taobao.org registry.npm.taobao.org:443
      at GetAddrInfoReqWrap.onlookup [as oncomplete] (dns.js:57:26)

npm manifest: 
  {
    "name": "@koa-jwt-login/server",
    "version": "0.0.0",
    "description": "> TODO: description",
    "author": "闫天平 <yantp@e-lead.cn>",
    "homepage": "https://github.com/balac2015/tutorial-coding#readme",
    "license": "ISC",
    "main": "lib/server.js",
    "directories": {
      "lib": "lib",
      "test": "__tests__"
    },
    "files": [
      "lib"
    ],
    "publishConfig": {
      "registry": "https://registry.npm.taobao.org/"
    },
    "repository": {
      "type": "git",
      "url": "git+https://github.com/balac2015/tutorial-coding.git"
    },
    "scripts": {
      "server": "node src/bin/www",
      "test": "echo \"Error: run tests from root\" && exit 1"
    },
    "bugs": {
      "url": "https://github.com/balac2015/tutorial-coding/issues"
    }
  }

yarn manifest: 
  No manifest

Lockfile: 
  No lockfile
